{"meta": {"format": 3, "version": "7.14.0", "timestamp": "2026-05-17T23:38:56.656900", "branch_coverage": false, "show_contexts": false}, "files": {"app/rules/__init__.py": {"executed_lines": [10, 11, 18], "summary": {"covered_lines": 3, "num_statements": 3, "percent_covered": 100.0, "percent_covered_display": "100", "missing_lines": 0, "excluded_lines": 0, "percent_statements_covered": 100.0, "percent_statements_covered_display": "100"}, "missing_lines": [], "excluded_lines": [], "functions": {"": {"executed_lines": [10, 11, 18], "summary": {"covered_lines": 3, "num_statements": 3, "percent_covered": 100.0, "percent_covered_display": "100", "missing_lines": 0, "excluded_lines": 0, "percent_statements_covered": 100.0, "percent_statements_covered_display": "100"}, "missing_lines": [], "excluded_lines": [], "start_line": 1}}, "classes": {"": {"executed_lines": [10, 11, 18], "summary": {"covered_lines": 3, "num_statements": 3, "percent_covered": 100.0, "percent_covered_display": "100", "missing_lines": 0, "excluded_lines": 0, "percent_statements_covered": 100.0, "percent_statements_covered_display": "100"}, "missing_lines": [], "excluded_lines": [], "start_line": 1}}}, "app/rules/scanner.py": {"executed_lines": [12, 13, 14, 16, 17, 19, 20, 21, 22, 23, 26, 41, 42, 44, 45, 48, 49, 50, 51, 66, 85, 88, 91, 92, 94, 98, 100, 102, 105, 106, 107, 110, 111, 131, 133, 136, 161, 162, 165, 171, 173, 174, 184, 187, 200, 203, 204, 207, 208, 210, 213], "summary": {"covered_lines": 51, "num_statements": 74, "percent_covered": 68.91891891891892, "percent_covered_display": "69", "missing_lines": 23, "excluded_lines": 0, "percent_statements_covered": 68.91891891891892, "percent_statements_covered_display": "69"}, "missing_lines": [52, 53, 54, 55, 56, 57, 59, 63, 95, 175, 176, 177, 178, 181, 238, 239, 240, 243, 246, 247, 250, 251, 253], "excluded_lines": [], "functions": {"evaluate_condition": {"executed_lines": [41, 42, 44, 45, 48, 49, 50, 51], "summary": {"covered_lines": 8, "num_statements": 16, "percent_covered": 50.0, "percent_covered_display": "50", "missing_lines": 8, "excluded_lines": 0, "percent_statements_covered": 50.0, "percent_statements_covered_display": "50"}, "missing_lines": [52, 53, 54, 55, 56, 57, 59, 63], "excluded_lines": [], "start_line": 26}, "scan_merchant_rules": {"executed_lines": [85, 88, 91, 92, 94, 98, 100, 102, 105, 106, 107, 110, 111, 131, 133], "summary": {"covered_lines": 15, "num_statements": 16, "percent_covered": 93.75, "percent_covered_display": "94", "missing_lines": 1, "excluded_lines": 0, "percent_statements_covered": 93.75, "percent_statements_covered_display": "94"}, "missing_lines": [95], "excluded_lines": [], "start_line": 66}, "create_decision_cases": {"executed_lines": [161, 162, 165, 171, 173, 174, 184, 187, 200, 203, 204, 207, 208, 210], "summary": {"covered_lines": 14, "num_statements": 19, "percent_covered": 73.6842105263158, "percent_covered_display": "74", "missing_lines": 5, "excluded_lines": 0, "percent_statements_covered": 73.6842105263158, "percent_statements_covered_display": "74"}, "missing_lines": [175, 176, 177, 178, 181], "excluded_lines": [], "start_line": 136}, "scan_all_rules": {"executed_lines": [], "summary": {"covered_lines": 0, "num_statements": 9, "percent_covered": 0.0, "percent_covered_display": "0", "missing_lines": 9, "excluded_lines": 0, "percent_statements_covered": 0.0, "percent_statements_covered_display": "0"}, "missing_lines": [238, 239, 240, 243, 246, 247, 250, 251, 253], "excluded_lines": [], "start_line": 213}, "": {"executed_lines": [12, 13, 14, 16, 17, 19, 20, 21, 22, 23, 26, 66, 136, 213], "summary": {"covered_lines": 14, "num_statements": 14, "percent_covered": 100.0, "percent_covered_display": "100", "missing_lines": 0, "excluded_lines": 0, "percent_statements_covered": 100.0, "percent_statements_covered_display": "100"}, "missing_lines": [], "excluded_lines": [], "start_line": 1}}, "classes": {"": {"executed_lines": [12, 13, 14, 16, 17, 19, 20, 21, 22, 23, 26, 41, 42, 44, 45, 48, 49, 50, 51, 66, 85, 88, 91, 92, 94, 98, 100, 102, 105, 106, 107, 110, 111, 131, 133, 136, 161, 162, 165, 171, 173, 174, 184, 187, 200, 203, 204, 207, 208, 210, 213], "summary": {"covered_lines": 51, "num_statements": 74, "percent_covered": 68.91891891891892, "percent_covered_display": "69", "missing_lines": 23, "excluded_lines": 0, "percent_statements_covered": 68.91891891891892, "percent_statements_covered_display": "69"}, "missing_lines": [52, 53, 54, 55, 56, 57, 59, 63, 95, 175, 176, 177, 178, 181, 238, 239, 240, 243, 246, 247, 250, 251, 253], "excluded_lines": [], "start_line": 1}}}, "app/rules/yaml_loader.py": {"executed_lines": [10, 11, 12, 14, 15, 18, 27, 28, 31, 33, 34, 35, 37, 38, 42, 45, 57, 58, 59, 60, 63, 66, 70, 71, 72, 74, 75, 79, 82, 101, 102, 104, 107, 109, 110, 112, 113, 116, 119, 120, 122, 123, 127, 129, 130, 134, 136], "summary": {"covered_lines": 47, "num_statements": 49, "percent_covered": 95.91836734693878, "percent_covered_display": "96", "missing_lines": 2, "excluded_lines": 0, "percent_statements_covered": 95.91836734693878, "percent_statements_covered_display": "96"}, "missing_lines": [39, 76], "excluded_lines": [], "functions": {"RuleCondition.validate_operator": {"executed_lines": [37, 38, 42], "summary": {"covered_lines": 3, "num_statements": 4, "percent_covered": 75.0, "percent_covered_display": "75", "missing_lines": 1, "excluded_lines": 0, "percent_statements_covered": 75.0, "percent_statements_covered_display": "75"}, "missing_lines": [39], "excluded_lines": [], "start_line": 35}, "RuleConfig.validate_entity_type": {"executed_lines": [74, 75, 79], "summary": {"covered_lines": 3, "num_statements": 4, "percent_covered": 75.0, "percent_covered_display": "75", "missing_lines": 1, "excluded_lines": 0, "percent_statements_covered": 75.0, "percent_statements_covered_display": "75"}, "missing_lines": [76], "excluded_lines": [], "start_line": 72}, "load_rules": {"executed_lines": [101, 102, 104, 107, 109, 110, 112, 113, 116, 119, 120, 122, 123, 127, 129, 130, 134, 136], "summary": {"covered_lines": 18, "num_statements": 18, "percent_covered": 100.0, "percent_covered_display": "100", "missing_lines": 0, "excluded_lines": 0, "percent_statements_covered": 100.0, "percent_statements_covered_display": "100"}, "missing_lines": [], "excluded_lines": [], "start_line": 82}, "": {"executed_lines": [10, 11, 12, 14, 15, 18, 27, 28, 31, 33, 34, 35, 45, 57, 58, 59, 60, 63, 66, 70, 71, 72, 82], "summary": {"covered_lines": 23, "num_statements": 23, "percent_covered": 100.0, "percent_covered_display": "100", "missing_lines": 0, "excluded_lines": 0, "percent_statements_covered": 100.0, "percent_statements_covered_display": "100"}, "missing_lines": [], "excluded_lines": [], "start_line": 1}}, "classes": {"RuleCondition": {"executed_lines": [37, 38, 42], "summary": {"covered_lines": 3, "num_statements": 4, "percent_covered": 75.0, "percent_covered_display": "75", "missing_lines": 1, "excluded_lines": 0, "percent_statements_covered": 75.0, "percent_statements_covered_display": "75"}, "missing_lines": [39], "excluded_lines": [], "start_line": 18}, "RuleConfig": {"executed_lines": [74, 75, 79], "summary": {"covered_lines": 3, "num_statements": 4, "percent_covered": 75.0, "percent_covered_display": "75", "missing_lines": 1, "excluded_lines": 0, "percent_statements_covered": 75.0, "percent_statements_covered_display": "75"}, "missing_lines": [76], "excluded_lines": [], "start_line": 45}, "": {"executed_lines": [10, 11, 12, 14, 15, 18, 27, 28, 31, 33, 34, 35, 45, 57, 58, 59, 60, 63, 66, 70, 71, 72, 82, 101, 102, 104, 107, 109, 110, 112, 113, 116, 119, 120, 122, 123, 127, 129, 130, 134, 136], "summary": {"covered_lines": 41, "num_statements": 41, "percent_covered": 100.0, "percent_covered_display": "100", "missing_lines": 0, "excluded_lines": 0, "percent_statements_covered": 100.0, "percent_statements_covered_display": "100"}, "missing_lines": [], "excluded_lines": [], "start_line": 1}}}}, "totals": {"covered_lines": 101, "num_statements": 126, "percent_covered": 80.15873015873017, "percent_covered_display": "80", "missing_lines": 25, "excluded_lines": 0, "percent_statements_covered": 80.15873015873017, "percent_statements_covered_display": "80"}}